#
# There is insufficient memory for the Java Runtime Environment to continue.
# Native memory allocation (mmap) failed to map 266338304 bytes for G1 virtual space
# Possible reasons:
#   The system is out of physical RAM or swap space
#   The process is running with CompressedOops enabled, and the Java Heap may be blocking the growth of the native heap
# Possible solutions:
#   Reduce memory load on the system
#   Increase physical memory or swap space
#   Check if swap backing store is full
#   Decrease Java heap size (-Xmx/-Xms)
#   Decrease number of Java threads
#   Decrease Java thread stack sizes (-Xss)
#   Set larger code cache with -XX:ReservedCodeCacheSize=
#   JVM is running with Zero Based Compressed Oops mode in which the Java heap is
#     placed in the first 32GB address space. The Java Heap base address is the
#     maximum limit for the native heap growth. Please use -XX:HeapBaseMinAddress
#     to set the Java Heap base and to place the Java Heap above 32GB virtual address.
# This output file may be truncated or incomplete.
#
#  Out of Memory Error (os_windows.cpp:3535), pid=7364, tid=13004
#
# JRE version:  (17.0.3.1+2) (build )
# Java VM: Java HotSpot(TM) 64-Bit Server VM (17.0.3.1+2-LTS-6, mixed mode, sharing, tiered, compressed oops, compressed class ptrs, g1 gc, windows-amd64)
# No core dump will be written. Minidumps are not enabled by default on client versions of Windows
#

---------------  S U M M A R Y ------------

Command Line: --enable-preview -agentlib:jdwp=transport=dt_socket,server=n,suspend=y,address=127.0.0.1:57124 -Dfile.encoding=windows-1251 -Duser.country=US -Duser.language=en -Duser.variant art.vas.telegram.fact.TelegrammFactApplication --enable-preview

Host: Intel(R) Core(TM) i5-8400 CPU @ 2.80GHz, 6 cores, 15G,  Windows 10 , 64 bit Build 14393 (10.0.14393.5786)
Time: Mon Dec  4 11:25:43 2023 Russia TZ 3 Standard Time elapsed time: 0.016762 seconds (0d 0h 0m 0s)

---------------  T H R E A D  ---------------

Current thread (0x00000203b40dc040):  JavaThread "Unknown thread" [_thread_in_vm, id=13004, stack(0x00000071d1f00000,0x00000071d2000000)]

Stack: [0x00000071d1f00000,0x00000071d2000000]
Native frames: (J=compiled Java code, j=interpreted, Vv=VM code, C=native code)
V  [jvm.dll+0x6711ba]
V  [jvm.dll+0x7d0834]
V  [jvm.dll+0x7d1fde]
V  [jvm.dll+0x7d2643]
V  [jvm.dll+0x242c85]
V  [jvm.dll+0x66e0d9]
V  [jvm.dll+0x662a22]
V  [jvm.dll+0x300ddb]
V  [jvm.dll+0x308376]
V  [jvm.dll+0x357f7e]
V  [jvm.dll+0x3581af]
V  [jvm.dll+0x2d7ff8]
V  [jvm.dll+0x2d8f64]
V  [jvm.dll+0x7a2411]
V  [jvm.dll+0x365d01]
V  [jvm.dll+0x78187c]
V  [jvm.dll+0x3e873f]
V  [jvm.dll+0x3ea1e1]
C  [jli.dll+0x527b]
C  [ucrtbase.dll+0x1fb80]
C  [KERNEL32.DLL+0x84d4]
C  [ntdll.dll+0x51791]


---------------  P R O C E S S  ---------------

Threads class SMR info:
_java_thread_list=0x00007fff16bb9858, length=0, elements={
}

Java Threads: ( => current thread )

Other Threads:
  0x00000203b60af280 GCTaskThread "GC Thread#0" [stack: 0x00000071d2100000,0x00000071d2200000] [id=23252]
  0x00000203b60c11f0 ConcurrentGCThread "G1 Main Marker" [stack: 0x00000071d2200000,0x00000071d2300000] [id=15872]
  0x00000203b60c1aa0 ConcurrentGCThread "G1 Conc#0" [stack: 0x00000071d2300000,0x00000071d2400000] [id=17228]

[error occurred during error reporting (printing all threads), id 0xc0000005, EXCEPTION_ACCESS_VIOLATION (0xc0000005) at pc=0x00007fff164089e7]

VM state: not at safepoint (not fully initialized)

VM Mutex/Monitor currently owned by a thread:  ([mutex/lock_event])
[0x00000203b6042590] Heap_lock - owner thread: 0x00000203b40dc040

Heap address: 0x0000000702800000, size: 4056 MB, Compressed Oops mode: Zero based, Oop shift amount: 3

CDS archive(s) mapped at: [0x0000000000000000-0x0000000000000000-0x0000000000000000), size 0, SharedBaseAddress: 0x0000000800000000, ArchiveRelocationMode: 0.
Narrow klass base: 0x0000000000000000, Narrow klass shift: 0, Narrow klass range: 0x0

GC Precious Log:
<Empty>

Heap:
 garbage-first heap   total 0K, used 0K [0x0000000702800000, 0x0000000800000000)
  region size 2048K, 0 young (0K), 0 survivors (0K)

[error occurred during error reporting (printing heap information), id 0xc0000005, EXCEPTION_ACCESS_VIOLATION (0xc0000005) at pc=0x00007fff167ea629]

GC Heap History (0 events):
No events

Deoptimization events (0 events):
No events

Classes unloaded (0 events):
No events

Classes redefined (0 events):
No events

Internal exceptions (0 events):
No events

VM Operations (0 events):
No events

Events (1 events):
Event: 0.007 Loaded shared library F:\17\bin\java.dll


Dynamic libraries:
0x00007ff725890000 - 0x00007ff7258a0000 	F:\17\bin\java.exe
0x00007fff70240000 - 0x00007fff7040f000 	C:\WINDOWS\SYSTEM32\ntdll.dll
0x00007fff6e000000 - 0x00007fff6e0ad000 	C:\WINDOWS\System32\KERNEL32.DLL
0x00007fff6cb00000 - 0x00007fff6cd1e000 	C:\WINDOWS\System32\KERNELBASE.dll
0x00007fff6d6e0000 - 0x00007fff6d7d4000 	C:\WINDOWS\System32\ucrtbase.dll
0x00007fff66550000 - 0x00007fff66568000 	F:\17\bin\jli.dll
0x00007fff6d930000 - 0x00007fff6d9d6000 	C:\WINDOWS\System32\ADVAPI32.dll
0x00007fff6e500000 - 0x00007fff6e59e000 	C:\WINDOWS\System32\msvcrt.dll
0x00007fff6e330000 - 0x00007fff6e38b000 	C:\WINDOWS\System32\sechost.dll
0x00007fff6d800000 - 0x00007fff6d91e000 	C:\WINDOWS\System32\RPCRT4.dll
0x00007fff6e390000 - 0x00007fff6e4f6000 	C:\WINDOWS\System32\USER32.dll
0x00007fff6ca30000 - 0x00007fff6ca4e000 	C:\WINDOWS\System32\win32u.dll
0x00007fff6e5a0000 - 0x00007fff6e5d4000 	C:\WINDOWS\System32\GDI32.dll
0x00007fff6d400000 - 0x00007fff6d584000 	C:\WINDOWS\System32\gdi32full.dll
0x00007fff664c0000 - 0x00007fff664da000 	F:\17\bin\VCRUNTIME140.dll
0x00007fff61370000 - 0x00007fff615ea000 	C:\WINDOWS\WinSxS\amd64_microsoft.windows.common-controls_6595b64144ccf1df_6.0.14393.4169_none_7de0bbf28341b1f2\COMCTL32.dll
0x00007fff6dbf0000 - 0x00007fff6deb6000 	C:\WINDOWS\System32\combase.dll
0x00007fff6c710000 - 0x00007fff6c77c000 	C:\WINDOWS\System32\bcryptPrimitives.dll
0x00007fff622e0000 - 0x00007fff622ea000 	C:\WINDOWS\SYSTEM32\VERSION.dll
0x00007fff6dbc0000 - 0x00007fff6dbee000 	C:\WINDOWS\System32\IMM32.DLL
0x00007fff66540000 - 0x00007fff6654c000 	F:\17\bin\vcruntime140_1.dll
0x00007fff62170000 - 0x00007fff621fd000 	F:\17\bin\msvcp140.dll
0x00007fff16120000 - 0x00007fff16ce0000 	F:\17\bin\server\jvm.dll
0x00007fff6e0b0000 - 0x00007fff6e0b8000 	C:\WINDOWS\System32\PSAPI.DLL
0x00007fff609c0000 - 0x00007fff609c9000 	C:\WINDOWS\SYSTEM32\WSOCK32.dll
0x00007fff6e2c0000 - 0x00007fff6e32a000 	C:\WINDOWS\System32\WS2_32.dll
0x00007fff6b5e0000 - 0x00007fff6b603000 	C:\WINDOWS\SYSTEM32\WINMM.dll
0x00007fff6b5b0000 - 0x00007fff6b5db000 	C:\WINDOWS\SYSTEM32\WINMMBASE.dll
0x00007fff6d5f0000 - 0x00007fff6d632000 	C:\WINDOWS\System32\cfgmgr32.dll
0x00007fff6c6a0000 - 0x00007fff6c6af000 	C:\WINDOWS\System32\kernel.appcore.dll
0x00007fff66420000 - 0x00007fff6642a000 	F:\17\bin\jimage.dll
0x00007fff68000000 - 0x00007fff68192000 	C:\WINDOWS\SYSTEM32\DBGHELP.DLL
0x00007fff67dd0000 - 0x00007fff67df9000 	C:\WINDOWS\SYSTEM32\dbgcore.DLL
0x00007fff61750000 - 0x00007fff6178b000 	F:\17\bin\jdwp.dll
0x00007fff604c0000 - 0x00007fff604e5000 	F:\17\bin\java.dll

dbghelp: loaded successfully - version: 4.0.5 - missing functions: none
symbol engine: initialized successfully - sym options: 0x614 - pdb path: .;F:\17\bin;C:\WINDOWS\SYSTEM32;C:\WINDOWS\WinSxS\amd64_microsoft.windows.common-controls_6595b64144ccf1df_6.0.14393.4169_none_7de0bbf28341b1f2;F:\17\bin\server

VM Arguments:
jvm_args: --enable-preview -agentlib:jdwp=transport=dt_socket,server=n,suspend=y,address=127.0.0.1:57124 -Dfile.encoding=windows-1251 -Duser.country=US -Duser.language=en -Duser.variant 
java_command: art.vas.telegram.fact.TelegrammFactApplication --enable-preview
java_class_path (initial): C:\Users\vasyutkin\Documents\telegram-fact\build\classes\java\main;C:\Users\vasyutkin\Documents\telegram-fact\build\resources\main;C:\Users\vasyutkin\.gradle\caches\modules-2\files-2.1\org.springframework.boot\spring-boot-starter-data-jpa\3.2.0-SNAPSHOT\675d55ff4dd14ccd9434ad44ebc45e74b6325b20\spring-boot-starter-data-jpa-3.2.0-SNAPSHOT.jar;C:\Users\vasyutkin\.gradle\caches\modules-2\files-2.1\org.springframework.boot\spring-boot-starter-web\3.2.0-SNAPSHOT\8d38b472af25332d928b953e45448c967cfdb1e5\spring-boot-starter-web-3.2.0-SNAPSHOT.jar;C:\Users\vasyutkin\.gradle\caches\modules-2\files-2.1\org.telegram\telegrambots\6.8.0\bca493b89e04342f143cb30c6113b2a6df5d9174\telegrambots-6.8.0.jar;C:\Users\vasyutkin\.gradle\caches\modules-2\files-2.1\org.hibernate.orm\hibernate-core\6.3.1.Final\1101d7e09e4853a110fd27a6f35c906f5709ac4f\hibernate-core-6.3.1.Final.jar;C:\Users\vasyutkin\.gradle\caches\modules-2\files-2.1\org.telegram\telegrambots-meta\6.8.0\a3e40beb0b0ec296b167cdc6d0bb6f4b1beba864\telegrambots-meta-6.8.0.jar;C:\Users\vasyutkin\.gradle\caches\modules-2\files-2.1\org.springframework.boot\spring-boot-starter-json\3.2.0-SNAPSHOT\1fbeee2c53d6f8b7dfe28bc7a6dd39587d6f6e26\spring-boot-starter-json-3.2.0-SNAPSHOT.jar;C:\Users\vasyutkin\.gradle\caches\modules-2\files-2.1\org.glassfish.jersey.media\jersey-media-json-jackson\3.1.3\c08467ee1da7f9c7cf0b28c7f3c526e183802bd7\jersey-media-json-jackson-3.1.3.jar;C:\Users\vasyutkin\.gradle\caches\modules-2\files-2.1\com.fasterxml.jackson.datatype\jackson-datatype-jdk8\2.15.3\80158cb020c7bd4e4ba94d8d752a65729dc943b2\jackson-datatype-jdk8-2.15.3.jar;C:\Users\vasyutkin\.gradle\caches\modules-2\files-2.1\com.fasterxml.jackson.datatype\jackson-datatype-jsr310\2.15.3\4a20a0e104931bfa72f24ef358c2eb63f1ef2aaf\jackson-datatype-jsr310-2.15.3.jar;C:\Users\vasyutkin\.gradle\caches\modules-2\files-2.1\com.fasterxml.jackson.module\jackson-module-parameter-names\2.15.3\8d251b90c5358677e7d8161e0c2488e6f84f49da\jackson-m
Launcher Type: SUN_STANDARD

[Global flags]
     intx CICompilerCount                          = 3                                         {product} {ergonomic}
     uint ConcGCThreads                            = 2                                         {product} {ergonomic}
     uint G1ConcRefinementThreads                  = 6                                         {product} {ergonomic}
   size_t G1HeapRegionSize                         = 2097152                                   {product} {ergonomic}
    uintx GCDrainStackTargetSize                   = 64                                        {product} {ergonomic}
   size_t InitialHeapSize                          = 266338304                                 {product} {ergonomic}
   size_t MarkStackSize                            = 4194304                                   {product} {ergonomic}
   size_t MaxHeapSize                              = 4253024256                                {product} {ergonomic}
   size_t MinHeapDeltaBytes                        = 2097152                                   {product} {ergonomic}
   size_t MinHeapSize                              = 8388608                                   {product} {ergonomic}
    uintx NonNMethodCodeHeapSize                   = 5832780                                {pd product} {ergonomic}
    uintx NonProfiledCodeHeapSize                  = 122912730                              {pd product} {ergonomic}
    uintx ProfiledCodeHeapSize                     = 122912730                              {pd product} {ergonomic}
    uintx ReservedCodeCacheSize                    = 251658240                              {pd product} {ergonomic}
     bool SegmentedCodeCache                       = true                                      {product} {ergonomic}
   size_t SoftMaxHeapSize                          = 4253024256                             {manageable} {ergonomic}
     bool UseCompressedClassPointers               = true                           {product lp64_product} {ergonomic}
     bool UseCompressedOops                        = true                           {product lp64_product} {ergonomic}
     bool UseG1GC                                  = true                                      {product} {ergonomic}
     bool UseLargePagesIndividualAllocation        = false                                  {pd product} {ergonomic}

Logging:
Log output configuration:
 #0: stdout all=warning uptime,level,tags
 #1: stderr all=off uptime,level,tags

Environment Variables:
JAVA_HOME=C:\Program Files (x86)\HikCentral\VSM Servers\OpenAPI\jre
CLASSPATH=.;C:\Program Files (x86)\HikCentral\VSM Servers\OpenAPI\jre\lib;C:\Program Files (x86)\HikCentral\VSM Servers\OpenAPI\jre\lib\dt.jar;C:\Program Files (x86)\HikCentral\VSM Servers\OpenAPI\jre\lib\tools.jar;
PATH=C:\Program Files\Common Files\Oracle\Java\javapath;F:\java\jdk;C:\WINDOWS\system32;C:\WINDOWS;C:\WINDOWS\System32\Wbem;C:\WINDOWS\System32\WindowsPowerShell\v1.0\;C:\Program Files\Git\cmd;C:\Program Files\PuTTY\;C:\Program Files\Mercurial\;C:\Program Files\TortoiseHg\;C:\Program Files\TortoiseSVN\bin;C:\Program Files (x86)\HikCentral\VSM Servers\OpenAPI\jre\bin;C:\Users\vasyutkin\AppData\Local\Microsoft\WindowsApps;C:\Users\vasyutkin\AppData\Local\Programs\Fiddler;C:\Users\vasyutkin\AppData\Local\atom\bin;F:\java\jdk\bin;F:\apache-maven-3.6.3\bin;C:\Users\vasyutkin\AppData\Local\Programs\Lens\resources\cli\bin
USERNAME=vasyutkin
OS=Windows_NT
PROCESSOR_IDENTIFIER=Intel64 Family 6 Model 158 Stepping 10, GenuineIntel



---------------  S Y S T E M  ---------------

OS:
 Windows 10 , 64 bit Build 14393 (10.0.14393.5786)
OS uptime: 18 days 17:43 hours

CPU: total 6 (initial active 6) (6 cores per cpu, 1 threads per core) family 6 model 158 stepping 10 microcode 0xde, cx8, cmov, fxsr, mmx, 3dnowpref, sse, sse2, sse3, ssse3, sse4.1, sse4.2, popcnt, lzcnt, tsc, tscinvbit, avx, avx2, aes, erms, clmul, bmi1, bmi2, adx, fma, vzeroupper, clflush, clflushopt

Memory: 4k page, system-wide physical 16218M (3930M free)
TotalPageFile size 45172M (AvailPageFile size 257M)
current process WorkingSet (physical memory assigned to process): 10M, peak: 10M
current process commit charge ("private bytes"): 56M, peak: 310M

vm_info: Java HotSpot(TM) 64-Bit Server VM (17.0.3.1+2-LTS-6) for windows-amd64 JRE (17.0.3.1+2-LTS-6), built on Apr 25 2022 22:04:21 by "mach5one" with MS VC++ 16.8 / 16.9 (VS2019)

END.
